1920
2485
763
3448
923
3109
3700
4717
1300
3224
884
4441
4103
183
3471
865
2438
4835
4184
207
3718
2780
3815
3563
3069
932
17
778
1288
1372
1235
722
2220
3988
3661
3111
2762
3639
4654
2451
2722
426
4996
416
1608
493
4813
4795
4873
767
3444
4433
4180
3433
3438
413
89
1214
4225
3132
759
376
2525
3932
2349
854
2664
1519
56
851
4069
4500
1786
2302
1079
1168
167
1175
1220
3981
3893
1768
3453
1620
122
1698
637
1291
4316
2077
4965
1570
352
4657
4523
1693
3522
2648
1653
1437
3716
423
353
791
1270
2298
887
4989
3144
1113
588
560
1618
2511
4815
2202
4213
4149
785
3074
2222
2101
4321
2011
2651
4435
274
1792
934
3651
4410
4598
3155
2296
2815
2083
2028
2150
3528
799
4323
507
4646
3657
4256
216
127
3358
3587
2481
3696
4227
2455
4269
1831
4806
2519
1303
757
2694
2156
3340
3748
3498
2766
2540
4202
857
2582
3362
1879
3268
3191
225
2473
4420
2649
3041
2558
153
484
3213
2985
4757
463
1066
812
3342
302
1217
2589
1199
44
3822
2879
3463
2542
4568
989
852
3564
4749
236
383
104
1337
3120
792
3047
3680
2299
3921
2674
2318
3835
4214
178
4035
4934
3024
2143
2448
2800
3489
4786
2145
4951
2352
3516
3851
477
803
4258
3316
787
4846
1471
3731
2666
3854
2056
282
175
4548
516
2564
3317
1516
652
3273
3160
1603
2249
3157
1509
2737
2881
1018
481
1369
3923
1962
2026
3941
2420
4021
4836
3740
1657
1895
2140
4958
3337
3173
4519
2516
4454
898
1992
3970
3840
4507
4573
2724
3974
2842
2421
1869
4907
2830
4064
4852
3417
4496
2067
3538
1497
4134
4190
4027
2886
2912
597
159
2860
4773
1759
633
2628
1574
2975
4455
2788
8
3423
4570
4776
1104
4429
2605
4307
3071
775
4406
2513
1250
4837
1820
457
1371
743
99
2132
1983
4667
1560
1024
2198
1085
3507
3797
289
1959
809
4719
719
3676
3645
1852
4109
3370
1544
3128
1539
4925
3542
3394
3419
2993
49
327
3573
750
2533
2204
2714
4595
468
1892
2726
2678
3593
3663
1093
2321
3779
2008
1802
155
2679
3603
2952
2243
4018
2434
3875
2304
2723
4525
135
926
1843
2090
244
1865
2154
2855
2034
124
1948
3185
1094
1704
4325
4136
25
4708
508
858
3816
2423
2409
1043
700
2709
1357
2345
2151
2872
3993
333
1073
621
915
1835
1766
797
970
655
843
3052
131
2208
31
3641
2869
2594
4412
3895
1347
536
3236
4276
3668
4741
3605
389
3304
2469
3079
2010
108
1146
240
1625
4587
982
3248
4848
1661
2137
1282
63
1285
139
2206
3720
4922
4559
4153
859
1675
3486
3916
3101
2899
211
3027
20
4446
4166
4463
1082
4931
4561
4743
3711
1095
965
2044
22
4643
1505
1668
995
1897
1455
1349
3196
3302
1776
4723
3105
1637
885
76
900
3398
2355
1694
4898
4062
4579
2224
610
4159
147
3958
4160
1805
4879
3162
1267
2645
2541
4948
4613
4144
3649
1087
3693
4282
487
1832
3846
3939
1551
4843
335
1284
2499
1980
4054
277
4798
941
4881
1742
1721
1201
4044
1367
3787
3567
1700
1312
4839
87
314
4407
2283
3558
3473
866
3287
4046
894
1611
1690
3330
758
4990
4593
3647
4363
3646
846
3094
2973
3749
612
2629
2006
4876
39
3849
1221
3991
4385
2483
4205
2753
1663
3539
262
4691
4292
3935
4198
3176
3694
3861
2692
2538
4969
2873
2351
3565
3780
2401
2695
2572
2521
3149
2313
3703
4734
4387
272
3955
2185
2014
2754
2639
1676
2596
2470
4512
15
4571
4295
997
3805
64
4481
1951
1084
4555
3684
3345
405
33
3648
284
2775
3741
509
4978
4900
1460
745
646
424
512
1899
2245
3415
1269
2037
2592
1612
1403
1985
475
4789
2876
410
3026
694
2327
2068
935
4946
3608
1309
1779
4411
2837
1650
1940
4475
217
1177
2574
3218
4959
1148
1247
829
2680
4668
1107
4327
537
1521
4915
3228
2395
901
247
408
715
1853
565
1462
4838
1190
747
4099
3924
701
4280
4607
2142
238
1772
2857
67
4219
943
1149
4750
3150
449
626
919
1244
2193
4476
3864
3540
1910
639
2189
3065
268
3343
3525
3589
1930
3665
2199
4681
2000
2790
1863
3995
4164
2955
27
877
4003
1275
1124
3490
1122
1498
1254
4887
3006
666
4628
2848
256
1257
1850
136
606
2227
1384
1287
2286
395
2832
4192
3034
137
3855
1056
3083
2429
2450
2575
3640
1764
4348
2195
617
4985
3914
1069
336
1530
3510
2527
3003
2213
2173
4222
58
3359
3803
125
3095
878
1740
1960
1041
4796
4929
1019
1904
2216
4119
1591
4674
3637
1108
421
2997
4036
2580
4209
1873
417
2595
2492
2904
2591
3441
2141
1126
4790
4352
2560
180
3878
3246
668
23
3481
3961
1388
4976
4807
2497
4195
554
3832
1907
106
710
3610
2556
169
4013
270
2061
4998
4154
2585
2305
2233
3791
2146
4350
2182
1015
2187
1839
120
3067
2587
2264
3738
339
45
1518
4792
1506
1932
2046
4974
427
1609
34
2598
4709
1855
4991
3314
1169
4087
4515
2991
711
3809
3799
4894
380
374
3156
4346
980
1240
1389
101
1953
234
2716
2386
4977
1160
2874
3631
2962
4165
1976
367
528
4542
2139
1428
947
4762
1238
2880
4550
3327
662
3996
1008
1426
355
4956
3552
1352
1136
953
4622
4001
3792
2782
4353
3205
551
2306
3721
3744
2699
3520
4039
3117
3114
2934
984
1143
3722
2607
3588
2130
1500
4811
1552
171
2475
2905
3049
3685
4638
2388
1921
4858
4993
2399
684
4774
1178
2215
1857
19
3189
1845
3566
2914
4187
1444
687
4516
1723
3060
1844
4634
2728
773
4744
896
906
4193
2892
4865
4933
2816
3706
1881
1745
690
3979
2179
4683
1659
1993
3559
3015
1717
129
2342
4517
3233
1484
4963
3215
2784
2703
2175
2641
112
3500
4382
2163
1391
97
3450
4557
3030
3997
2030
3493
4588
3532
1068
1927
4298
3670
4641
10
741
4182
4019
4126
3521
673
4502
1804
3207
1192
1096
1374
3190
4189
2557
2058
3253
123
2309
1695
3905
110
4799
1848
3771
1131
4365
399
264
1997
3238
2235
2660
3458
2460
1397
2920
2003
951
2552
2257
3495
889
41
942
1936
2705
2928
3764
2357
4892
4731
2688
849
1540
1770
2950
2839
4390
2630
2261
4505
3331
3199
4031
497
733
4041
4629
585
4927
1071
4343
1333
4812
1813
598
1871
3426
794
465
482
4183
2550
1231
1592
2745
1912
4313
4383
1641
586
2238
121
1109
3560
4720
1756
2462
1430
2277
1413
3133
3488
1790
3858
4211
1350
1184
12
2916
2138
3256
3697
4684
3123
265
1718
1034
1049
1343
4594
1525
3642
442
4530
1571
4997
810
4609
1252
793
1354
4436
721
1170
1738
2191
3329
1826
372
1800
3420
148
1849
752
2097
4820
4394
4138
3451
591
4636
4890
107
874
3210
4693
2134
2259
2657
4718
1481
4908
191
577
2114
1858
2734
370
2490
193
2338
2166
1633
4215
4460
143
540
659
4266
4538
1123
1593
1451
4244
1576
2683
1621
3364
296
2181
3829
3050
4071
453
2942
117
1965
4794
2164
1860
163
3106
720
2600
4167
3570
1490
3025
4891
3635
1955
899
2756
944
84
532
3807
587
1494
2392
494
503
2514
4672
1298
4471
1796
1747
266
1732
1359
1829
4174
2583
2717
2878
1164
3865
638
1670
2505
3348
2359
1937
522
3368
1306
1928
1999
3880
331
4713
4176
1226
1596
1237
428
1760
2602
3388
2350
2535
1963
2048
3063
1854
1606
3187
1828
2773
2826
4008
1039
176
2427
912
949
4936
2802
3781
1905
2095
3321
2381
1588
4582
907
1036
3208
2793
4868
4540
1358
2635
801
318
3318
1957
3386
1908
4239
3499
2738
309
3354
4877
2844
2620
1711
4871
2332
4464
4610
4793
4952
1654
4685
649
2288
2932
2785
287
2428
1705
1502
1280
1725
1995
3928
760
4234
1242
2940
2207
3936
3295
4107
4618
675
4826
435
3076
2414
1619
3091
4369
1751
2463
16
1688
4373
1317
2424
3107
1362
2255
4544
237
1161
4478
483
3174
804
2372
181
1446
111
4911
691
3841
2643
2732
771
2652
3062
363
3992
1152
1020
1532
3103
3902
3671
623
1911
208
2135
3654
1931
4725
1410
2471
311
4630
436
3467
3219
2760
818
2330
3126
2404
3612
2528
1556
1345
2614
2507
1029
461
3341
2017
2478
1294
4072
1050
226
1553
4015
3035
4647
4338
1420
1486
3967
4918
368
556
2662
4016
2376
4759
3234
660
549
3568
1339
2795
2329
1125
4584
967
4696
2431
2466
2502
4849
3306
2136
2457
863
495
4245
542
3963
1548
1598
619
2676
1791
115
3299
1102
3200
2093
4354
1719
4737
2730
2035
3070
2036
4775
2632
2810
3351
2091
2820
1133
1788
28
1735
2551
4778
3575
2789
2577
4318
3866
1228
365
4545
728
387
1546
3168
1193
3439
3776
1672
2103
276
3391
51
1798
4283
1610
1537
1091
3276
2311
3291
640
2954
3613
345
1154
3596
768
2777
2370
987
257
1482
3732
4721
3461
3048
4017
945
2853
1382
2568
3965
4324
2631
3943
2623
3016
4242
2828
2418
1567
3124
2989
4336
1057
1934
2183
2366
288
4437
4009
391
2440
2005
1984
4614
3403
2565
2324
1449
3633
2573
4386
1954
4228
928
2240
1031
2192
4135
2042
3690
3514
4097
541
377
1277
2791
1707
3795
807
4448
4146
2115
78
4531
1535
571
1662
1421
4253
18
4358
2270
2263
1017
4780
2436
3530
1562
3848
4754
3534
2503
4155
2147
4733
1890
4552
1872
2019
4483
4686
4724
4161
4375
2205
3867
3250
2121
65
2843
3425
2523
91
2937
2479
4181
4465
4057
600
2900
3251
4563
3658
1913
2069
4388
4850
3544
3801
4427
4677
2410
3139
1203
1307
4832
3112
1794
1211
1600
2171
1709
2840
867
3405
2910
2347
4727
2360
1261
2768
3360
3877
4828
1292
1466
2743
2039
2168
3990
4692
1375
3662
1627
2610
3244
2711
2969
347
1058
545
1883
566
46
4600
903
991
242
2584
2293
1522
3214
1059
3043
4994
3474
3762
2236
2196
52
4882
990
4854
4259
505
4801
209
4123
682
3077
4755
1314
1724
1511
2174
2335
3005
774
1628
3435
707
4466
704
1643
3202
1487
499
3627
4583
2032
3285
3297
3422
2935
2165
4488
3511
4340
3774
3296
1922
496
4770
1558
3758
429
2217
2659
1335
4949
3808
4055
2729
4655
1253
1469
1563
4401
4457
3072
761
2887
275
3623
2913
2547
1986
904
3087
156
1276
4596
4347
2104
764
2906
4163
651
592
2764
3950
2758
3387
1887
1245
2108
4408
4601
2458
1807
3372
4930
1847
1757
1264
664
1051
3037
4364
712
836
1191
3406
3084
2966
2099
292
2023
3561
2007
2289
1179
3212
4168
1438
634
3869
1810
3725
2051
4883
992
1009
1833
341
1456
4309
3881
3929
1070
3834
2339
3096
615
3204
3879
4329
4366
4901
71
2509
3017
908
2741
3277
2894
1578
3140
1956
2461
3964
2320
3491
259
2290
479
2389
2612
963
998
4895
2328
1696
1671
558
3945
1157
3712
1185
1239
3813
3653
61
4157
2045
3891
2822
3264
2445
3424
1327
2394
3556
2862
1726
881
769
1441
3098
1468
986
2152
1702
466
3044
1390
4814
2841
4005
2854
696
328
4093
4501
917
1496
654
4047
3254
1120
3482
2262
925
382
2720
4344
4937
4953
2866
3309
3598
1088
4060
1045
1054
2626
2384
3161
446
4413
1658
322
1893
2300
1105
4899
2883
2315
2995
3369
2124
2117
1935
506
4827
1248
2508
1761
1974
3288
1012
1966
2247
3145
94
2671
350
4710
4816
334
1950
4980
3192
2186
4243
2406
3896
3159
2824
4409
4679
1765
4874
3535
4101
4764
4399
611
1841
1874
975
2453
2016
2776
3407
2668
179
1648
4333
1774
3460
1834
1233
1710
2851
2835
3629
2812
4141
298
960
2685
4509
3723
924
2882
4878
4231
1513
1579
3968
2539
827
2214
2050
3045
3452
35
2650
4052
534
1673
1380
519
2102
4603
2554
2397
3509
1452
3164
2957
1811
3278
4272
3231
2763
4341
3262
3194
3501
518
297
1246
4967
2025
4061
824
1464
2761
891
4661
378
3682
273
4422
2923
657
271
4494
4760
4513
575
4829
547
816
543
351
3581
3643
1067
3497
1914
2029
624
4449
4999
1400
3553
608
706
2230
3977
520
4701
3752
3948
1047
340
1730
4108
3
3019
1594
2543
4472
3147
3518
419
2902
3959
2500
1457
2422
4100
4841
2100
1465
2488
3235
4676
4735
4114
4659
4602
1461
3179
529
1938
1987
4137
3669
3303
2251
1713
4111
3323
751
890
430
385
4207
4200
1150
197
2833
2071
2778
3847
2075
2155
3392
4403
530
2294
2087
1978
3650
1186
1121
3982
3193
29
3983
3638
3882
3966
4221
1541
267
4975
620
2939
2033
2412
4736
831
4105
3940
185
717
4605
3230
3903
3717
2748
905
1631
1616
4889
1290
1491
4604
396
1407
2064
357
1473
1412
2593
3203
2755
3494
3953
3825
607
2334
3837
199
2285
221
2415
665
1370
4546
4620
3371
455
2361
4590
1775
3201
2127
3625
754
1803
1243
4260
1329
3674
629
218
3922
4577
3479
1827
1092
2153
3152
3335
2125
3975
2467
21
1458
476
1064
4361
3175
2110
1808
2801
307
814
3802
3898
3926
1128
2041
86
2681
3675
4380
3688
1762
4712
3182
3408
601
4966
2218
3768
776
4682
4971
3582
1894
1677
3843
2273
3531
4074
956
3336
910
3028
1884
3121
3672
57
2895
149
2746
1127
3396
4143
3078
3056
2118
3736
4884
243
4928
3962
828
4924
3289
3476
3464
635
4308
3163
222
2531
1423
3382
4447
4728
4267
2624
4715
1561
1680
4210
469
3154
567
1
4397
4623
1273
4023
4834
2611
3436
561
2200
1283
511
354
4424
3859
3577
263
2636
613
3104
3870
3887
3713
4415
1256
648
2980
4278
1902
1972
4706
2387
4644
2647
3270
1319
4947
1674
952
2079
1846
826
2821
2930
1331
1021
2836
4178
2921
3766
1789
366
4335
458
4913
550
4726
4960
4981
3800
4384
316
2111
2806
3181
4711
1114
2390
2001
4518
968
102
879
1415
1635
201
4443
4439
3852
1324
2295
1299
1636
2190
1565
96
2088
4979
3814
4486
1559
839
4972
4255
1823
789
4869
1052
4888
1981
1032
2941
3240
4771
1026
1159
2672
2065
1100
4902
4270
1733
2713
2884
443
2060
1967
3957
3483
432
999
1949
4845
72
3324
342
2658
4818
593
3978
1030
573
3134
2225
2472
1917
871
4498
1645
400
379
4851
250
4203
1958
3186
819
3666
1106
2237
2371
1499
957
1715
1727
343
189
4404
140
3383
1187
4356
4049
2158
2701
50
1720
3029
847
3960
2861
4303
4006
2188
2177
2128
4920
294
3889
954
2603
1933
2040
280
1442
82
1550
1098
254
3536
1144
4808
3831
4293
689
880
2250
2439
4467
3804
62
3158
2665
3122
2663
3579
1782
1006
1182
2498
4050
195
1716
3012
4088
4473
1564
3332
1483
4569
1607
3411
42
3088
1924
3092
708
583
1138
2808
4652
1255
1110
1856
440
471
3760
3925
3216
2253
4271
1891
3883
1915
4746
4043
4381
3265
473
36
4804
2122
1572
1523
500
1027
3401
83
1964
1040
4905
4663
3081
4310
252
4766
3952
3689
2493
860
3298
4263
1557
337
24
1977
911
4703
735
4462
2425
1816
1376
2727
1195
1488
1386
902
4328
3455
3820
1504
4237
4510
1649
2053
3591
914
2374
709
3818
3054
955
4664
977
2690
283
1479
4675
4939
4547
1044
11
4800
4698
2588
749
3409
1946
2999
1840
1990
447
590
1014
2946
4220
3678
4299
2982
3380
3130
3782
3906
3724
2316
3311
1202
4745
3349
4367
2769
305
4431
491
2771
2449
2849
996
344
737
2464
2689
3290
930
2231
3659
1991
535
1573
2447
1646
913
1814
3307
1784
3102
888
317
145
3280
92
1818
1205
2963
223
161
4625
47
3537
3009
3428
790
580
2803
3315
4051
3811
3695
3125
1689
95
200
2977
1099
459
1534
4010
2063
2807
4492
1320
3188
2400
4151
739
546
3917
1644
2234
683
4241
1942
3032
290
3590
4158
2180
162
4098
2385
4747
4779
3733
909
1196
66
3263
3885
1046
1302
2907
1155
2403
4660
4964
4162
2750
4150
2868
306
3550
3728
3789
151
3884
232
1340
4490
4204
4797
227
969
2809
1151
2536
4314
4169
278
4145
3487
667
68
1399
444
1296
2411
1153
3972
670
2080
2710
210
2581
4716
2258
1655
4767
3584
4941
3973
1973
783
1736
4758
2958
3930
2646
676
1433
3413
2617
4452
281
4962
2363
1402
1889
2640
4983
3142
4961
2829
2062
3910
3443
2353
873
3517
4246
2751
4226
4560
4863
2013
1346
3293
2054
3708
2888
4440
1251
3998
146
3775
303
358
1134
1753
2368
1234
4025
553
1204
4450
1939
1961
1988
723
130
3842
3346
1278
1684
3951
2834
2852
2983
451
2297
725
3292
3746
4704
141
3547
4456
2018
3915
470
4830
1629
4844
2407
1395
3611
4020
2637
3919
2779
4855
4624
4626
1434
4194
414
548
2354
3325
614
165
2484
1351
248
2625
4438
4558
452
3308
4091
3549
3683
1037
3115
2223
4175
2266
3381
3512
834
4326
688
840
2677
2133
808
3907
3440
1480
4694
1429
4707
1118
1485
2226
702
726
1507
3886
2287
2476
1875
4765
3492
724
850
4284
3211
4179
3888
1614
1968
3595
4129
4608
765
212
3477
2106
609
1783
3247
492
962
369
2526
1842
2562
2915
946
4534
4729
1271
2765
4491
4885
329
1038
3328
3664
4468
1258
43
85
1216
4296
3667
1528
574
3259
2576
2244
4768
2405
2271
4374
3904
2545
1706
4944
2953
3397
4048
2570
3465
2325
1378
1554
2561
3583
4094
3624
3430
2129
2333
650
2375
2644
3001
4320
1450
4274
1279
1664
1385
2301
1132
4470
2918
3615
4212
192
3058
1222
464
361
485
4514
1414
4479
2986
3845
4285
73
2107
2506
3868
4378
1224
224
2
2148
3221
4973
1906
4458
3384
2566
3301
69
3502
2845
3356
1364
3000
4954
716
1900
784
3892
4230
4819
822
3089
1477
4240
636
3339
3871
770
3756
3527
2931
4083
1301
966
2697
239
3679
2606
514
371
4084
3141
386
393
2948
3737
2432
4678
3223
4950
2797
4322
557
3113
3985
800
1969
4379
4197
3519
4909
3300
1028
3714
2981
2459
1198
4556
918
4032
182
3754
4459
2194
4880
1218
820
3281
4521
2430
3976
563
4359
1864
1729
38
3061
2974
415
3908
837
2209
1754
4822
2544
1342
3008
3020
3099
1422
1445
3767
4665
772
1215
4172
4418
703
3333
4095
4923
2310
3469
562
3021
70
1227
1353
2712
3412
933
4520
2382
4029
3730
838
1580
246
1259
1321
731
4824
233
1166
3872
2870
173
2992
3571
3946
2520
2076
54
2268
241
456
559
2742
1083
1712
4970
3073
3937
1515
2021
3245
4666
4763
748
4840
1795
2322
4224
285
4541
3237
3969
835
1947
291
927
3704
4756
4400
3373
4860
245
1435
4247
1172
2804
2990
993
1638
4506
678
320
1885
3418
2936
59
2512
1080
4639
75
4553
2066
3350
521
841
3515
2211
921
4425
3652
1260
3475
258
3377
2454
2393
2786
2987
1334
3153
2967
4589
445
1381
517
510
40
4235
489
788
133
1373
498
4073
2494
2984
1731
324
1332
524
833
4504
1072
1817
1249
478
1055
138
1439
3135
4417
2373
3170
1325
4648
4065
1793
2052
1223
1348
2312
1315
2856
692
4273
1665
4992
2601
433
1230
795
2515
2314
4389
3759
2813
1393
972
1492
1206
4565
2275
1639
2229
2911
1870
4451
2960
1355
401
4575
1065
2210
3912
3365
4777
1394
2443
3810
1293
2444
3229
2901
3456
114
203
3753
4761
2510
2670
4339
4640
132
3379
1622
1771
3551
1867
1660
4216
2871
3414
472
4
2391
4748
1568
4662
4616
1714
2733
1919
2022
3909
853
100
3755
4275
4580
2586
2020
3836
3823
2437
1566
3739
1538
2246
3630
1824
4847
3594
384
4188
3242
1630
1086
4680
4872
1613
740
3390
454
293
3220
2567
356
1581
2416
3900
4536
4487
3569
679
2943
4426
1377
4053
1200
164
3172
3178
4376
875
705
4495
1582
2433
3750
3769
1686
616
2426
3243
4249
3504
2908
2529
2731
746
3010
4787
80
1703
4120
1341
1685
2119
4080
920
4803
1880
4281
434
4566
310
467
168
4311
1236
186
3734
2015
2317
2858
2084
3933
4414
3184
526
420
77
1812
1001
4549
1681
2281
937
1417
3691
1996
3994
1679
3793
1647
2340
2615
1405
893
3944
48
1081
3116
3954
4104
3513
3355
576
1615
4670
3778
3258
4089
861
3644
4351
1809
4113
2885
2889
260
4026
4669
1002
2323
93
3282
2167
1305
1411
3496
604
631
3431
1295
3434
4392
544
685
3226
2702
4148
2569
3042
3824
3548
79
4317
1478
1053
2081
2477
4279
2642
1447
2693
1975
325
3319
304
876
3526
4142
4196
2864
4893
2792
1743
4156
3709
3614
1165
1035
3266
3137
2673
658
2559
3018
2131
4539
2094
817
2078
3064
2027
219
513
2667
438
2749
53
3206
2396
3763
4859
4315
958
1286
3261
1547
2618
4444
2169
3927
4257
971
642
4527
961
4248
2988
2331
2344
205
4857
1583
3745
948
3770
2279
2875
1602
2260
1699
279
3275
1004
397
4264
3949
1130
978
4106
1773
3545
2402
2978
979
2085
2578
213
2160
1669
686
1119
4738
855
4642
4139
3783
3617
229
4688
2608
602
3707
170
3543
4421
2337
2944
4896
3890
1419
1868
1769
2120
922
4110
2043
2203
4469
628
2616
825
2698
2621
1274
3619
3819
4649
1728
4125
312
4028
1356
1383
4532
1533
766
1074
2219
1495
595
1297
1406
4037
2896
2092
4251
486
1033
4870
697
3478
594
644
2951
3790
830
974
3457
883
3374
1076
1459
3806
1318
2232
568
2162
2959
2682
2945
4866
315
2072
3055
3143
3554
1741
805
2532
74
538
5
981
584
2609
2435
128
1135
1156
1642
14
1431
3541
1851
2909
4833
4319
3844
1527
3989
3198
3217
326
4932
3715
3129
2783
1472
3068
1925
3751
1180
134
3618
1493
4268
1531
4075
1822
2098
407
4831
669
406
3449
845
4477
1886
755
1363
3576
1542
2291
4564
1944
3742
3385
4635
4085
332
3999
4171
1877
641
3788
2823
1322
699
4632
2112
1010
3002
2817
3636
2172
3853
796
249
2949
2929
392
2661
4102
3580
2867
4395
798
3546
1687
2465
1048
441
4906
3918
3127
504
3361
718
4722
4405
3503
869
1025
3901
4147
4611
1090
4791
4116
1739
3039
2798
2704
2501
1173
1903
4499
2707
4984
1501
3827
753
194
2653
1078
2571
2356
32
2408
2482
1584
1569
4402
4574
3057
4825
2706
698
4185
4349
2201
474
1241
1749
3320
4059
4653
255
2654
4897
3484
1595
4938
2827
4115
2441
4788
1624
4217
3209
2070
2274
4206
1701
762
3860
3222
3269
4732
1208
2105
2772
4393
323
2336
3036
1338
4294
3686
1815
1023
1453
2865
4987
2272
2126
4312
3066
2976
1744
653
3607
4645
4903
1941
4769
2686
4817
1042
4484
1799
3080
360
2377
2774
2925
3485
3505
4856
4128
3468
3437
359
630
732
4482
1379
1888
3366
2369
308
1404
695
693
714
462
4173
166
2970
4416
299
4551
362
4360
4077
4004
251
313
394
349
1943
4058
632
2413
2736
4301
2002
402
3812
98
2996
4489
231
3082
1232
786
437
4955
154
1013
4578
2897
2696
3197
3085
3942
4218
2811
448
2417
2089
4288
4783
1998
3856
105
4124
2517
2770
2378
1137
1750
2267
4030
1543
886
3604
1666
4988
2282
4919
1360
4612
4511
3677
1763
4823
2319
2303
4617
3260
4371
3033
2968
1141
1189
3177
1330
680
196
3404
4986
1632
3195
4002
4658
3986
3508
599
3312
781
525
3046
3148
9
1524
3601
627
3826
4656
4739
4038
1837
1836
1923
2170
656
4921
4671
3344
4627
3899
1115
3681
411
730
2157
1022
2073
579
4751
3367
3796
3719
3743
4112
2691
931
55
2537
422
1806
1268
1007
1392
3606
4377
1475
2859
2212
738
321
4529
3692
2961
2176
643
1396
1508
4398
3180
3729
1555
4121
3271
4177
2638
3947
2495
202
3785
2850
1722
4687
4372
60
3352
1617
2004
3873
4357
4117
330
4912
3586
1272
4042
4606
1640
4535
1326
4056
3279
4554
2161
2805
4730
3429
589
480
3557
4040
4597
2096
3701
157
1361
2919
2718
4543
1862
6
4524
1174
1503
4842
1767
3529
2739
3040
3363
2956
3628
4886
3442
3272
1787
2926
3326
523
3705
1697
3839
1266
119
661
3850
144
2924
2228
4599
1667
3421
3446
1748
3310
2979
813
1112
1467
2799
2735
1308
4945
4904
3011
3427
2715
742
439
488
3599
3472
3389
409
3267
4232
552
403
1656
2877
88
2197
3620
527
3632
2522
418
3786
4362
1876
1882
190
3911
1929
1589
152
823
4000
1918
4265
1861
3108
3338
4086
3506
3459
4537
1454
727
3375
116
158
3765
3286
3838
4229
1140
2579
3555
4968
4705
4592
4396
603
1510
174
4334
3616
4809
4528
103
1162
1387
4576
3833
2971
4673
3592
4802
4233
4081
2655
142
1060
3274
4995
1866
2590
2553
1425
1878
2480
3378
2684
782
220
1746
3757
2781
1489
4033
3399
1401
2024
2049
2846
2708
1313
3934
150
1898
4330
2149
37
300
3022
1623
1281
821
388
1529
2627
4122
214
1089
364
1514
3894
1408
2178
3687
3698
4428
4785
490
4914
1599
4337
1838
4238
2669
4861
3227
985
1176
3014
578
4208
235
2346
973
936
2362
2383
4862
1210
3023
1916
3655
2116
4391
4572
3761
1526
3283
1289
3395
346
4332
1145
1061
2474
1994
1909
3393
4740
2086
113
1781
3118
3609
4261
2898
1366
862
2055
4637
1585
1304
4370
3416
1517
177
1194
3053
4277
2365
1181
3131
4926
2964
842
1777
4714
1970
1163
3913
4082
1213
3622
4066
1476
373
3956
4697
802
872
4170
3784
4752
348
3656
4690
3031
412
1896
338
2719
4875
2265
4131
3059
4201
3727
4302
1678
3334
2446
1926
3699
2619
198
4024
3462
916
301
570
3252
964
3151
4633
2326
4508
2687
4368
4442
3169
3075
533
184
2622
204
187
2009
2364
3574
1062
515
3093
950
2563
1755
4300
3353
3165
2740
4805
3673
2831
2825
3257
1336
4432
398
1463
4132
4022
988
3828
1011
1158
4810
4331
848
1416
1590
1605
1207
2239
2113
983
2074
2759
4784
3773
2341
672
2847
1819
3777
404
2972
3255
3146
3735
4287
2284
2933
4702
4772
2047
622
253
1577
1634
895
4957
172
2994
4916
4522
2456
375
3863
4090
4581
892
425
3772
1129
929
2890
1651
3817
450
1003
3524
1436
390
13
230
3166
4567
4781
4753
2922
4434
81
3857
4461
3602
1365
1328
319
126
4503
1209
3897
1116
295
1432
3305
3241
4453
994
501
3097
1626
2367
4910
569
431
2038
4133
2597
3480
4096
2814
2767
713
2159
3183
3086
2787
1229
2656
2721
2379
2486
4078
1597
2546
2184
4586
2269
2419
864
4619
4127
2893
2468
806
4254
4867
4821
4526
1443
581
2487
2059
4982
2534
3138
502
2358
1424
2747
2938
2903
1409
3984
1682
4186
897
1601
2518
1778
1111
2757
4480
1474
261
1683
2292
4304
2633
3294
1183
3747
1225
2634
2604
1859
4152
3562
2744
1427
3249
381
4034
1797
3626
2555
1188
3284
30
976
3920
3447
4092
4070
286
4853
2675
4699
2917
2452
4045
4689
4250
4007
3931
1117
2012
1536
1171
2380
160
2818
1097
4223
4942
2549
3821
3634
1167
4533
7
109
539
2248
3313
3232
4423
938
815
3376
1545
4430
4345
4262
3410
2524
1311
647
1316
1830
3938
4591
2442
663
734
1139
1063
3007
555
1440
2343
1549
3100
3987
677
605
1734
3090
1448
2891
4290
3726
1945
4782
118
3445
90
1398
618
3119
3585
3466
1801
3710
3660
3578
1219
2280
3533
3357
3432
4286
4130
2489
780
3171
882
4497
1752
460
1758
1262
3702
1310
2057
2241
2504
2927
681
4342
582
1265
4236
4014
3876
4067
3862
959
625
4935
4700
2947
756
4940
206
4076
2348
645
4864
2496
4199
2254
744
1708
2031
4419
1691
1604
3874
1512
2725
4650
2752
4631
4012
2530
674
2307
832
1103
1971
2276
188
4562
1101
4493
4191
4474
1520
3347
4063
844
3136
1737
2398
2278
4651
1821
777
3038
4445
1344
4297
4305
2491
4943
939
4917
3798
1418
2838
2548
228
1263
856
2144
1692
596
1825
1142
1575
4011
736
1075
2123
2794
2700
1005
4695
1000
3239
3523
1077
671
2863
1989
3110
2613
2819
811
4079
1979
2242
1323
2965
1901
3167
1197
2082
1016
1952
5000
4252
4485
779
26
1982
2308
4289
3004
3600
3322
4291
940
4585
3400
2109
3597
3572
1470
4306
2252
2221
572
531
3971
3980
1586
3470
3621
4068
1652
3225
3051
3454
1212
564
215
3794
4355
4742
2256
1147
729
3013
3402
3830
2796
2599
4621
868
4118
1780
4140
1368
4615
269
1587
870
2998
1785