82
424
229
178
257
136
355
340
234
182
466
46
243
414
361
386
417
48
371
30
368
333
204
171
463
402
252
210
6
239
8
383
385
485
363
133
194
379
34
246
467
380
384
486
127
42
197
314
369
199
364
32
442
327
219
207
217
418
391
36
147
149
84
150
316
323
358
464
38
335
478
274
92
497
436
438
306
388
108
17
128
261
213
412
1
189
140
456
202
310
222
63
471
110
161
337
179
336
262
69
468
192
33
43
450
71
399
427
334
444
342
445
308
143
90
269
341
345
276
266
245
422
209
375
453
3
365
76
120
218
56
4
279
205
168
106
170
241
389
473
396
479
20
297
107
236
285
271
118
474
111
366
311
144
23
270
115
67
186
393
470
349
98
162
121
83
433
58
125
231
183
116
117
338
164
287
295
395
367
281
51
248
188
35
2
224
247
381
298
360
491
24
145
430
226
420
376
448
275
472
163
175
208
190
458
431
44
425
405
220
304
28
153
455
489
91
299
325
407
184
416
475
415
86
408
359
264
480
435
235
324
428
321
495
227
166
148
370
96
387
40
459
215
312
318
129
101
198
351
286
280
443
449
356
240
263
353
394
60
258
487
288
177
131
330
85
469
195
465
277
122
57
439
403
350
481
169
482
221
141
423
272
289
180
70
7
382
265
476
173
390
347
398
357
185
332
290
253
41
200
53
483
29
313
172
126
397
250
155
331
251
292
451
21
156
440
97
498
432
259
62
410
78
103
413
419
112
282
421
499
114
134
223
88
320
73
249
191
317
328
212
400
99
302
80
401
124
52
237
242
326
104
406
138
10
94
109
377
348
206
329
429
339
11
139
322
225
64
130
461
409
492
373
54
267
132
437
284
309
319
146
55
344
87
165
300
434
13
154
493
22
77
26
72
260
362
137
102
392
278
167
49
244
151
411
238
12
196
346
15
254
25
113
452
378
27
45
123
31
496
65
211
157
268
488
159
283
457
494
176
68
305
74
230
39
255
187
47
273
158
95
50
354
193
454
477
446
315
81
18
291
484
462
214
441
66
119
9
59
19
201
5
203
89
233
303
296
293
307
426
301
174
256
14
228
490
181
142
404
216
447
352
75
135
152
16
500
232
79
460
374
61
93
372
160
343
294
37
105
100