920
499
803
493
955
204
790
773
340
251
54
661
391
443
625
60
6
56
616
435
118
95
343
908
525
58
485
886
988
865
265
249
668
516
899
916
734
750
452
529
642
123
710
491
652
3
411
782
121
208
994
300
805
281
36
128
761
5
211
76
79
169
455
507
990
284
512
586
361
369
629
991
218
740
707
843
167
253
312
324
254
849
175
47
124
654
48
857
460
569
415
301
376
331
591
644
290
588
241
823
37
827
677
792
374
22
371
952
468
658
20
560
97
788
892
114
257
202
377
909
542
610
419
578
106
185
274
921
933
328
1
267
589
621
91
243
51
344
564
745
883
62
912
233
832
216
444
799
9
779
396
587
61
86
24
356
357
109
341
829
716
884
474
804
851
520
867
197
16
869
34
887
427
378
821
996
521
935
255
88
904
566
171
417
147
18
602
579
814
296
129
136
680
84
462
900
834
509
969
830
363
769
131
458
554
593
859
895
671
35
918
930
550
939
901
663
606
111
422
682
303
531
348
381
49
445
307
709
155
142
226
655
611
41
701
366
74
286
379
205
576
283
922
653
421
670
64
950
382
269
662
27
753
436
557
582
840
276
447
133
544
157
432
464
852
67
686
412
873
696
650
584
777
998
533
12
835
231
333
762
480
781
879
384
766
387
1000
481
699
345
704
291
302
239
193
488
793
450
812
316
119
172
190
604
413
973
737
240
941
700
28
894
110
690
93
925
263
614
469
727
120
173
571
292
881
247
39
398
330
288
723
712
764
647
675
945
362
940
453
237
537
470
697
501
510
860
634
627
29
580
622
161
279
599
174
187
718
771
523
81
250
43
244
978
664
7
989
125
612
418
408
951
235
103
551
277
649
981
720
189
665
956
305
229
890
505
282
623
854
643
527
227
618
875
656
746
134
159
806
728
151
127
11
354
116
703
986
495
271
400
465
741
177
742
317
774
386
497
364
440
23
808
199
917
137
181
744
313
636
855
794
683
552
877
416
98
903
532
786
592
538
963
135
140
725
69
975
32
156
297
910
429
122
896
402
430
502
152
924
562
757
158
870
825
927
213
273
195
836
721
770
517
846
755
801
82
446
568
581
631
66
200
795
182
822
780
583
992
487
496
59
866
615
882
238
401
100
847
672
791
778
358
138
789
472
979
947
248
21
85
570
319
868
168
685
178
966
476
784
666
471
936
714
923
338
600
765
535
817
617
905
372
546
693
534
965
50
601
101
837
130
245
309
787
695
828
489
607
931
692
482
289
556
747
809
838
853
850
264
112
246
383
478
275
294
906
454
492
346
406
149
826
234
748
768
545
976
314
810
441
833
841
536
494
14
393
57
735
72
394
306
669
522
334
856
997
902
52
437
75
404
729
407
673
389
595
425
503
964
148
87
679
645
102
336
8
483
640
176
162
321
228
90
559
272
722
285
511
30
907
967
42
861
948
667
842
540
954
268
206
974
222
403
508
504
597
385
414
153
752
397
477
210
528
438
717
968
53
543
342
70
929
971
2
632
807
15
715
775
258
287
514
573
466
561
484
179
638
993
659
26
730
298
590
349
373
888
217
751
498
539
280
304
880
639
395
796
236
970
359
858
457
957
310
434
813
44
506
186
620
878
299
863
448
347
687
224
937
630
360
585
475
473
368
949
946
749
459
972
145
959
293
885
845
657
92
824
209
724
410
567
390
706
783
999
77
223
232
553
646
113
739
214
165
702
68
423
613
215
278
983
375
426
451
563
911
526
108
80
767
958
756
203
479
914
732
325
648
864
107
126
315
388
104
681
399
220
684
188
953
694
871
500
367
711
960
831
919
256
995
115
456
352
146
252
19
259
99
225
94
38
731
575
183
676
926
365
184
608
141
150
266
913
713
733
785
201
31
144
392
154
797
816
743
428
33
928
424
260
577
637
818
490
17
938
547
55
350
763
798
513
758
635
596
759
196
889
915
524
961
987
242
65
311
594
4
221
530
380
651
619
261
194
678
449
353
320
872
71
132
932
876
486
518
738
442
802
934
943
25
603
323
409
326
839
984
548
46
262
815
519
626
944
463
332
691
10
327
139
708
433
874
431
558
688
166
219
549
192
893
811
660
541
605
641
198
891
105
163
73
230
555
736
164
565
270
719
977
705
351
405
191
633
322
572
698
776
96
329
574
819
63
180
13
370
160
337
45
467
598
170
143
207
962
439
982
862
897
83
772
942
980
420
295
609
515
212
844
628
355
985
674
339
820
89
848
624
898
726
335
800
78
308
40
689
760
461
117
318
754